<?xml version="1.0" encoding="UTF-8"?>
<!-- Generated by org.testng.reporters.JUnitXMLReporter -->
<testsuite ignored="0" hostname="LAPTOP-SSV1DC61" failures="0" tests="4" name="Default test" time="63.659" errors="0" timestamp="2023-04-05T17:19:49 IST">
  <testcase classname="testng_assignment.herokuappTestng" name="multipleWindows" time="6.08"/>
  <testcase classname="testng_assignment.herokuappTestng" name="multipleFrames" time="2.559"/>
  <testcase classname="testng_assignment.herokuappTestng" name="dragAndDropAction" time="3.328"/>
  <testcase classname="testng_assignment.herokuappTestng" name="mouseHover" time="3.03"/>
</testsuite> <!-- Default test -->
