<?xml version="1.0" encoding="UTF-8"?>
<!-- Generated by org.testng.reporters.JUnitXMLReporter -->
<testsuite ignored="0" hostname="LAPTOP-SSV1DC61" failures="0" tests="4" name="Test" time="65.75" errors="0" timestamp="2023-05-15T14:45:35 IST">
  <testcase classname="testng_assignment.herokuappTestng" name="multipleWindows" time="7.093"/>
  <testcase classname="testng_assignment.herokuappTestng" name="multipleFrames" time="2.196"/>
  <testcase classname="testng_assignment.herokuappTestng" name="dragAndDropAction" time="8.877"/>
  <testcase classname="testng_assignment.herokuappTestng" name="mouseHover" time="3.404"/>
</testsuite> <!-- Test -->
